0 info it worked if it ends with ok
1 verbose cli [ '/usr/local/Cellar/node/6.5.0/bin/node',
1 verbose cli   '/usr/local/bin/npm',
1 verbose cli   'install' ]
2 info using npm@2.15.11
3 info using node@v6.5.0
4 verbose config Skipping project config: /Users/charlottetaylor/.npmrc. (matches userconfig)
5 verbose readDependencies loading dependencies from /Users/charlottetaylor/package.json
6 error install Couldn't read dependencies
7 verbose stack Error: ENOENT: no such file or directory, open '/Users/charlottetaylor/package.json'
7 verbose stack     at Error (native)
8 verbose cwd /Users/charlottetaylor/workspace/codingResourcesSite
9 error Darwin 16.3.0
10 error argv "/usr/local/Cellar/node/6.5.0/bin/node" "/usr/local/bin/npm" "install"
11 error node v6.5.0
12 error npm  v2.15.11
13 error path /Users/charlottetaylor/package.json
14 error code ENOPACKAGEJSON
15 error errno -2
16 error syscall open
17 error package.json ENOENT: no such file or directory, open '/Users/charlottetaylor/package.json'
17 error package.json This is most likely not a problem with npm itself.
17 error package.json npm can't find a package.json file in your current directory.
18 verbose exit [ -2, true ]
